<?xml version="1.0" encoding="UTF-8"?>
<!-- Generated by org.testng.reporters.JUnitReportReporter -->
<testsuite skipped="0" hostname="dell-PC" name="com.crm.qa.testcases.ContactsPageTest" tests="4" failures="0" timestamp="30 Aug 2019 13:16:40 GMT" time="101.338" errors="0">
  <testcase name="verifyContactsPageLabel" time="22.537" classname="com.crm.qa.testcases.ContactsPageTest"/>
  <testcase name="validateCreateContact" time="25.387" classname="com.crm.qa.testcases.ContactsPageTest"/>
  <testcase name="validateCreateContact" time="26.294" classname="com.crm.qa.testcases.ContactsPageTest"/>
  <testcase name="validateCreateContact" time="27.120" classname="com.crm.qa.testcases.ContactsPageTest"/>
</testsuite> <!-- com.crm.qa.testcases.ContactsPageTest -->
