<?xml version="1.0" encoding="UTF-8"?>
<!-- Generated by org.testng.reporters.JUnitReportReporter -->
<testsuite skipped="0" hostname="dell-PC" name="com.crm.qa.testcases.LoginPageTest" tests="3" failures="0" timestamp="30 Aug 2019 13:16:40 GMT" time="42.503" errors="0">
  <testcase name="loginPageTitleTest" time="13.064" classname="com.crm.qa.testcases.LoginPageTest"/>
  <testcase name="crmLogoImageTest" time="12.078" classname="com.crm.qa.testcases.LoginPageTest"/>
  <testcase name="loginTest" time="17.361" classname="com.crm.qa.testcases.LoginPageTest"/>
</testsuite> <!-- com.crm.qa.testcases.LoginPageTest -->
